<?xml version="1.0" encoding="UTF-8"?>
<testng-results skipped="0" failed="1" total="4" passed="3">
  <reporter-output>
  </reporter-output>
  <suite name="Suite1" duration-ms="40201" started-at="2020-06-14T00:15:59Z" finished-at="2020-06-14T00:16:39Z">
    <groups>
    </groups>
    <test name="my hub spot test chrome" duration-ms="13871" started-at="2020-06-14T00:15:59Z" finished-at="2020-06-14T00:16:13Z">
      <class name="com.MyTests.LoginTest">
        <test-method status="PASS" signature="SetUpTest(java.lang.String)[pri:0, instance:com.MyTests.LoginTest@212bf671]" name="SetUpTest" is-config="true" duration-ms="7724" started-at="2020-06-13T17:15:59Z" finished-at="2020-06-13T17:16:07Z">
          <params>
            <param index="0">
              <value>
                <![CDATA[chrome]]>
              </value>
            </param>
          </params>
          <reporter-output>
          </reporter-output>
        </test-method> <!-- SetUpTest -->
        <test-method status="PASS" signature="SetUpTest(java.lang.String)[pri:0, instance:com.MyTests.LoginTest@212bf671]" name="SetUpTest" is-config="true" duration-ms="7841" started-at="2020-06-13T17:15:59Z" finished-at="2020-06-13T17:16:07Z">
          <params>
            <param index="0">
              <value>
                <![CDATA[chrome]]>
              </value>
            </param>
          </params>
          <reporter-output>
          </reporter-output>
        </test-method> <!-- SetUpTest -->
        <test-method status="PASS" signature="verfiyLoginPageHeaderTest()[pri:0, instance:com.MyTests.LoginTest@212bf671]" name="verfiyLoginPageHeaderTest" duration-ms="2532" started-at="2020-06-13T17:16:07Z" finished-at="2020-06-13T17:16:09Z">
          <reporter-output>
          </reporter-output>
        </test-method> <!-- verfiyLoginPageHeaderTest -->
        <test-method status="FAIL" signature="verfiyLoginPageTitleTest()[pri:0, instance:com.MyTests.LoginTest@212bf671]" name="verfiyLoginPageTitleTest" duration-ms="6009" started-at="2020-06-13T17:16:07Z" finished-at="2020-06-13T17:16:13Z">
          <exception class="org.openqa.selenium.NoSuchSessionException">
            <message>
              <![CDATA[Session ID is null. Using WebDriver after calling quit()?
Build info: version: '3.141.59', revision: 'e82be7d358', time: '2018-11-14T08:17:03'
System info: host: 'DESKTOP-NP0C5JN', ip: '192.168.0.22', os.name: 'Windows 10', os.arch: 'amd64', os.version: '10.0', java.version: '1.8.0_241'
Driver info: driver.version: RemoteWebDriver]]>
            </message>
            <full-stacktrace>
              <![CDATA[org.openqa.selenium.NoSuchSessionException: Session ID is null. Using WebDriver after calling quit()?
Build info: version: '3.141.59', revision: 'e82be7d358', time: '2018-11-14T08:17:03'
System info: host: 'DESKTOP-NP0C5JN', ip: '192.168.0.22', os.name: 'Windows 10', os.arch: 'amd64', os.version: '10.0', java.version: '1.8.0_241'
Driver info: driver.version: RemoteWebDriver
	at org.openqa.selenium.remote.HttpCommandExecutor.execute(HttpCommandExecutor.java:125)
	at org.openqa.selenium.remote.service.DriverCommandExecutor.execute(DriverCommandExecutor.java:83)
	at org.openqa.selenium.remote.RemoteWebDriver.execute(RemoteWebDriver.java:552)
	at org.openqa.selenium.remote.RemoteWebDriver.execute(RemoteWebDriver.java:609)
	at org.openqa.selenium.remote.RemoteWebDriver.getTitle(RemoteWebDriver.java:281)
	at com.mypages.BasePage.getPageTitle(BasePage.java:23)
	at com.mypages.LoginPage.getLoginPageTitle(LoginPage.java:39)
	at com.MyTests.LoginTest.verfiyLoginPageTitleTest(LoginTest.java:13)
	at sun.reflect.NativeMethodAccessorImpl.invoke0(Native Method)
	at sun.reflect.NativeMethodAccessorImpl.invoke(NativeMethodAccessorImpl.java:62)
	at sun.reflect.DelegatingMethodAccessorImpl.invoke(DelegatingMethodAccessorImpl.java:43)
	at java.lang.reflect.Method.invoke(Method.java:498)
	at org.testng.internal.MethodInvocationHelper.invokeMethod(MethodInvocationHelper.java:84)
	at org.testng.internal.Invoker.invokeMethod(Invoker.java:714)
	at org.testng.internal.Invoker.invokeTestMethod(Invoker.java:901)
	at org.testng.internal.Invoker.invokeTestMethods(Invoker.java:1231)
	at org.testng.internal.TestMethodWorker.invokeTestMethods(TestMethodWorker.java:127)
	at org.testng.internal.TestMethodWorker.run(TestMethodWorker.java:111)
	at java.util.concurrent.ThreadPoolExecutor.runWorker(ThreadPoolExecutor.java:1149)
	at java.util.concurrent.ThreadPoolExecutor$Worker.run(ThreadPoolExecutor.java:624)
	at java.lang.Thread.run(Thread.java:748)
]]>
            </full-stacktrace>
          </exception> <!-- org.openqa.selenium.NoSuchSessionException -->
          <reporter-output>
          </reporter-output>
        </test-method> <!-- verfiyLoginPageTitleTest -->
        <test-method status="PASS" signature="tearDown()[pri:0, instance:com.MyTests.LoginTest@212bf671]" name="tearDown" is-config="true" duration-ms="906" started-at="2020-06-13T17:16:09Z" finished-at="2020-06-13T17:16:10Z">
          <reporter-output>
          </reporter-output>
        </test-method> <!-- tearDown -->
        <test-method status="PASS" signature="tearDown()[pri:0, instance:com.MyTests.LoginTest@212bf671]" name="tearDown" is-config="true" duration-ms="1" started-at="2020-06-13T17:16:13Z" finished-at="2020-06-13T17:16:13Z">
          <reporter-output>
          </reporter-output>
        </test-method> <!-- tearDown -->
      </class> <!-- com.MyTests.LoginTest -->
    </test> <!-- my hub spot test chrome -->
    <test name="my hub spot test firefox" duration-ms="26314" started-at="2020-06-14T00:16:13Z" finished-at="2020-06-14T00:16:39Z">
      <class name="com.MyTests.LoginTest">
        <test-method status="PASS" signature="SetUpTest(java.lang.String)[pri:0, instance:com.MyTests.LoginTest@436a4e4b]" name="SetUpTest" is-config="true" duration-ms="7104" started-at="2020-06-13T17:16:13Z" finished-at="2020-06-13T17:16:20Z">
          <params>
            <param index="0">
              <value>
                <![CDATA[ff]]>
              </value>
            </param>
          </params>
          <reporter-output>
          </reporter-output>
        </test-method> <!-- SetUpTest -->
        <test-method status="PASS" signature="verfiyLoginPageTitleTest()[pri:0, instance:com.MyTests.LoginTest@436a4e4b]" name="verfiyLoginPageTitleTest" duration-ms="6013" started-at="2020-06-13T17:16:20Z" finished-at="2020-06-13T17:16:26Z">
          <reporter-output>
          </reporter-output>
        </test-method> <!-- verfiyLoginPageTitleTest -->
        <test-method status="PASS" signature="tearDown()[pri:0, instance:com.MyTests.LoginTest@436a4e4b]" name="tearDown" is-config="true" duration-ms="1638" started-at="2020-06-13T17:16:26Z" finished-at="2020-06-13T17:16:28Z">
          <reporter-output>
          </reporter-output>
        </test-method> <!-- tearDown -->
        <test-method status="PASS" signature="SetUpTest(java.lang.String)[pri:0, instance:com.MyTests.LoginTest@436a4e4b]" name="SetUpTest" is-config="true" duration-ms="7246" started-at="2020-06-13T17:16:28Z" finished-at="2020-06-13T17:16:35Z">
          <params>
            <param index="0">
              <value>
                <![CDATA[ff]]>
              </value>
            </param>
          </params>
          <reporter-output>
          </reporter-output>
        </test-method> <!-- SetUpTest -->
        <test-method status="PASS" signature="verfiyLoginPageHeaderTest()[pri:0, instance:com.MyTests.LoginTest@436a4e4b]" name="verfiyLoginPageHeaderTest" duration-ms="2634" started-at="2020-06-13T17:16:35Z" finished-at="2020-06-13T17:16:38Z">
          <reporter-output>
          </reporter-output>
        </test-method> <!-- verfiyLoginPageHeaderTest -->
        <test-method status="PASS" signature="tearDown()[pri:0, instance:com.MyTests.LoginTest@436a4e4b]" name="tearDown" is-config="true" duration-ms="1675" started-at="2020-06-13T17:16:38Z" finished-at="2020-06-13T17:16:39Z">
          <reporter-output>
          </reporter-output>
        </test-method> <!-- tearDown -->
      </class> <!-- com.MyTests.LoginTest -->
    </test> <!-- my hub spot test firefox -->
  </suite> <!-- Suite1 -->
</testng-results>
